<?xml version="1.0" encoding="UTF-8"?>
<testsuites name="jest tests" tests="5" failures="0" time="0.217">
  <testsuite name="Zmienna" errors="0" failures="0" skipped="0" timestamp="2023-01-20T14:07:54" time="0.208" tests="5">
    <testcase classname="Zmienna number powinna być typu number" name="Zmienna number powinna być typu number" time="0.001">
    </testcase>
    <testcase classname="Zmienna text powinna być typu string" name="Zmienna text powinna być typu string" time="0">
    </testcase>
    <testcase classname="Zmienna logic powinna być typu boolean" name="Zmienna logic powinna być typu boolean" time="0.001">
    </testcase>
    <testcase classname="Zmienna empty powinna mieć wartosć undefined lub null" name="Zmienna empty powinna mieć wartosć undefined lub null" time="0">
    </testcase>
    <testcase classname="Zmienna args powinna być tablicą" name="Zmienna args powinna być tablicą" time="0">
    </testcase>
  </testsuite>
</testsuites>